==3627128== Memcheck, a memory error detector
==3627128== Copyright (C) 2002-2022, and GNU GPL'd, by Julian Seward et al.
==3627128== Using Valgrind-3.20.0 and LibVEX; rerun with -h for copyright info
==3627128== Command: ././s21_grep -e int -e intel -v test_files/test_7_grep.txt
==3627128== Parent PID: 3626032
==3627128== 
==3627128== 
==3627128== Process terminating with default action of signal 2 (SIGINT)
==3627128==    at 0x512A990: read (read.c:26)
==3627128==    by 0x50A2CB5: _IO_file_underflow@@GLIBC_2.2.5 (fileops.c:516)
==3627128==    by 0x50A3E15: _IO_default_uflow (genops.c:362)
==3627128==    by 0x109FF5: getstring (in /home/clarkelm/Downloads/C3_SimpleBashUtils-1-develop/src/grep/s21_grep)
==3627128==    by 0x109A8A: run_patterns (in /home/clarkelm/Downloads/C3_SimpleBashUtils-1-develop/src/grep/s21_grep)
==3627128==    by 0x10978C: main (in /home/clarkelm/Downloads/C3_SimpleBashUtils-1-develop/src/grep/s21_grep)
==3627128== 
==3627128== HEAP SUMMARY:
==3627128==     in use at exit: 6,094 bytes in 26 blocks
==3627128==   total heap usage: 34 allocs, 8 frees, 8,105 bytes allocated
==3627128== 
==3627128== 1 bytes in 1 blocks are still reachable in loss record 1 of 18
==3627128==    at 0x4E09C7D: calloc (vg_replace_malloc.c:1340)
==3627128==    by 0x109FD5: getstring (in /home/clarkelm/Downloads/C3_SimpleBashUtils-1-develop/src/grep/s21_grep)
==3627128==    by 0x109A8A: run_patterns (in /home/clarkelm/Downloads/C3_SimpleBashUtils-1-develop/src/grep/s21_grep)
==3627128==    by 0x10978C: main (in /home/clarkelm/Downloads/C3_SimpleBashUtils-1-develop/src/grep/s21_grep)
==3627128== 
==3627128== 8 bytes in 1 blocks are still reachable in loss record 2 of 18
==3627128==    at 0x4E050C5: malloc (vg_replace_malloc.c:393)
==3627128==    by 0x511AE14: re_node_set_init_2 (regex_internal.c:1001)
==3627128==    by 0x511AE14: link_nfa_nodes (regcomp.c:1457)
==3627128==    by 0x511AE14: preorder (regcomp.c:1265)
==3627128==    by 0x511AE14: analyze (regcomp.c:1201)
==3627128==    by 0x511AE14: re_compile_internal (regcomp.c:795)
==3627128==    by 0x511BF75: regcomp (regcomp.c:491)
==3627128==    by 0x109694: main (in /home/clarkelm/Downloads/C3_SimpleBashUtils-1-develop/src/grep/s21_grep)
==3627128== 
==3627128== 12 bytes in 1 blocks are still reachable in loss record 3 of 18
==3627128==    at 0x4E050C5: malloc (vg_replace_malloc.c:393)
==3627128==    by 0x51112D2: re_node_set_init_copy (regex_internal.c:1034)
==3627128==    by 0x51112D2: create_cd_newstate (regex_internal.c:1690)
==3627128==    by 0x51112D2: re_acquire_state_context (regex_internal.c:1562)
==3627128==    by 0x511B1C1: create_initial_state (regcomp.c:1050)
==3627128==    by 0x511B1C1: re_compile_internal (regcomp.c:806)
==3627128==    by 0x511BF75: regcomp (regcomp.c:491)
==3627128==    by 0x109694: main (in /home/clarkelm/Downloads/C3_SimpleBashUtils-1-develop/src/grep/s21_grep)
==3627128== 
==3627128== 12 bytes in 1 blocks are still reachable in loss record 4 of 18
==3627128==    at 0x4E050C5: malloc (vg_replace_malloc.c:393)
==3627128==    by 0x510A692: re_node_set_alloc (regex_internal.c:973)
==3627128==    by 0x510A692: register_state (regex_internal.c:1583)
==3627128==    by 0x51114B5: create_cd_newstate (regex_internal.c:1746)
==3627128==    by 0x51114B5: re_acquire_state_context (regex_internal.c:1562)
==3627128==    by 0x511B1C1: create_initial_state (regcomp.c:1050)
==3627128==    by 0x511B1C1: re_compile_internal (regcomp.c:806)
==3627128==    by 0x511BF75: regcomp (regcomp.c:491)
==3627128==    by 0x109694: main (in /home/clarkelm/Downloads/C3_SimpleBashUtils-1-develop/src/grep/s21_grep)
==3627128== 
==3627128== 13 bytes in 1 blocks are still reachable in loss record 5 of 18
==3627128==    at 0x4E09EBD: realloc (vg_replace_malloc.c:1451)
==3627128==    by 0x1099F0: realloc_and_check (in /home/clarkelm/Downloads/C3_SimpleBashUtils-1-develop/src/grep/s21_grep)
==3627128==    by 0x109868: grab_pat (in /home/clarkelm/Downloads/C3_SimpleBashUtils-1-develop/src/grep/s21_grep)
==3627128==    by 0x1094AA: main (in /home/clarkelm/Downloads/C3_SimpleBashUtils-1-develop/src/grep/s21_grep)
==3627128== 
==3627128== 16 bytes in 1 blocks are still reachable in loss record 6 of 18
==3627128==    at 0x4E04FE3: malloc (vg_replace_malloc.c:392)
==3627128==    by 0x4E09F1D: realloc (vg_replace_malloc.c:1451)
==3627128==    by 0x510A783: register_state (regex_internal.c:1598)
==3627128==    by 0x51114B5: create_cd_newstate (regex_internal.c:1746)
==3627128==    by 0x51114B5: re_acquire_state_context (regex_internal.c:1562)
==3627128==    by 0x511B1C1: create_initial_state (regcomp.c:1050)
==3627128==    by 0x511B1C1: re_compile_internal (regcomp.c:806)
==3627128==    by 0x511BF75: regcomp (regcomp.c:491)
==3627128==    by 0x109694: main (in /home/clarkelm/Downloads/C3_SimpleBashUtils-1-develop/src/grep/s21_grep)
==3627128== 
==3627128== 32 bytes in 1 blocks are still reachable in loss record 7 of 18
==3627128==    at 0x4E09EBD: realloc (vg_replace_malloc.c:1451)
==3627128==    by 0x510CC1C: re_node_set_merge (regex_internal.c:1205)
==3627128==    by 0x510F80A: calc_eclosure_iter (regcomp.c:1746)
==3627128==    by 0x511AD23: calc_eclosure (regcomp.c:1677)
==3627128==    by 0x511AD23: analyze (regcomp.c:1204)
==3627128==    by 0x511AD23: re_compile_internal (regcomp.c:795)
==3627128==    by 0x511BF75: regcomp (regcomp.c:491)
==3627128==    by 0x109694: main (in /home/clarkelm/Downloads/C3_SimpleBashUtils-1-develop/src/grep/s21_grep)
==3627128== 
==3627128== 36 bytes in 9 blocks are still reachable in loss record 8 of 18
==3627128==    at 0x4E050C5: malloc (vg_replace_malloc.c:393)
==3627128==    by 0x510F76F: re_node_set_alloc (regex_internal.c:973)
==3627128==    by 0x510F76F: calc_eclosure_iter (regcomp.c:1699)
==3627128==    by 0x511AD23: calc_eclosure (regcomp.c:1677)
==3627128==    by 0x511AD23: analyze (regcomp.c:1204)
==3627128==    by 0x511AD23: re_compile_internal (regcomp.c:795)
==3627128==    by 0x511BF75: regcomp (regcomp.c:491)
==3627128==    by 0x109694: main (in /home/clarkelm/Downloads/C3_SimpleBashUtils-1-develop/src/grep/s21_grep)
==3627128== 
==3627128== 44 bytes in 1 blocks are still reachable in loss record 9 of 18
==3627128==    at 0x4E050C5: malloc (vg_replace_malloc.c:393)
==3627128==    by 0x511A555: analyze (regcomp.c:1169)
==3627128==    by 0x511A555: re_compile_internal (regcomp.c:795)
==3627128==    by 0x511BF75: regcomp (regcomp.c:491)
==3627128==    by 0x109694: main (in /home/clarkelm/Downloads/C3_SimpleBashUtils-1-develop/src/grep/s21_grep)
==3627128== 
==3627128== 88 bytes in 1 blocks are still reachable in loss record 10 of 18
==3627128==    at 0x4E09C7D: calloc (vg_replace_malloc.c:1340)
==3627128==    by 0x511129B: create_cd_newstate (regex_internal.c:1687)
==3627128==    by 0x511129B: re_acquire_state_context (regex_internal.c:1562)
==3627128==    by 0x511B1C1: create_initial_state (regcomp.c:1050)
==3627128==    by 0x511B1C1: re_compile_internal (regcomp.c:806)
==3627128==    by 0x511BF75: regcomp (regcomp.c:491)
==3627128==    by 0x109694: main (in /home/clarkelm/Downloads/C3_SimpleBashUtils-1-develop/src/grep/s21_grep)
==3627128== 
==3627128== 176 bytes in 1 blocks are still reachable in loss record 11 of 18
==3627128==    at 0x4E050C5: malloc (vg_replace_malloc.c:393)
==3627128==    by 0x511A27A: init_dfa (regcomp.c:859)
==3627128==    by 0x511A27A: re_compile_internal (regcomp.c:758)
==3627128==    by 0x511BF75: regcomp (regcomp.c:491)
==3627128==    by 0x109694: main (in /home/clarkelm/Downloads/C3_SimpleBashUtils-1-develop/src/grep/s21_grep)
==3627128== 
==3627128== 176 bytes in 1 blocks are still reachable in loss record 12 of 18
==3627128==    at 0x4E050C5: malloc (vg_replace_malloc.c:393)
==3627128==    by 0x511A576: analyze (regcomp.c:1171)
==3627128==    by 0x511A576: re_compile_internal (regcomp.c:795)
==3627128==    by 0x511BF75: regcomp (regcomp.c:491)
==3627128==    by 0x109694: main (in /home/clarkelm/Downloads/C3_SimpleBashUtils-1-develop/src/grep/s21_grep)
==3627128== 
==3627128== 176 bytes in 1 blocks are still reachable in loss record 13 of 18
==3627128==    at 0x4E050C5: malloc (vg_replace_malloc.c:393)
==3627128==    by 0x511A585: analyze (regcomp.c:1172)
==3627128==    by 0x511A585: re_compile_internal (regcomp.c:795)
==3627128==    by 0x511BF75: regcomp (regcomp.c:491)
==3627128==    by 0x109694: main (in /home/clarkelm/Downloads/C3_SimpleBashUtils-1-develop/src/grep/s21_grep)
==3627128== 
==3627128== 224 bytes in 1 blocks are still reachable in loss record 14 of 18
==3627128==    at 0x4E04FE3: malloc (vg_replace_malloc.c:392)
==3627128==    by 0x4E09F1D: realloc (vg_replace_malloc.c:1451)
==3627128==    by 0x511B539: re_compile_internal (regcomp.c:750)
==3627128==    by 0x511BF75: regcomp (regcomp.c:491)
==3627128==    by 0x109694: main (in /home/clarkelm/Downloads/C3_SimpleBashUtils-1-develop/src/grep/s21_grep)
==3627128== 
==3627128== 256 bytes in 1 blocks are still reachable in loss record 15 of 18
==3627128==    at 0x4E050C5: malloc (vg_replace_malloc.c:393)
==3627128==    by 0x511BF15: regcomp (regcomp.c:472)
==3627128==    by 0x109694: main (in /home/clarkelm/Downloads/C3_SimpleBashUtils-1-develop/src/grep/s21_grep)
==3627128== 
==3627128== 256 bytes in 1 blocks are still reachable in loss record 16 of 18
==3627128==    at 0x4E09C7D: calloc (vg_replace_malloc.c:1340)
==3627128==    by 0x511A2A7: init_dfa (regcomp.c:866)
==3627128==    by 0x511A2A7: re_compile_internal (regcomp.c:758)
==3627128==    by 0x511BF75: regcomp (regcomp.c:491)
==3627128==    by 0x109694: main (in /home/clarkelm/Downloads/C3_SimpleBashUtils-1-develop/src/grep/s21_grep)
==3627128== 
==3627128== 472 bytes in 1 blocks are still reachable in loss record 17 of 18
==3627128==    at 0x4E050C5: malloc (vg_replace_malloc.c:393)
==3627128==    by 0x50956CD: __fopen_internal (iofopen.c:65)
==3627128==    by 0x50956CD: fopen@@GLIBC_2.2.5 (iofopen.c:86)
==3627128==    by 0x109700: main (in /home/clarkelm/Downloads/C3_SimpleBashUtils-1-develop/src/grep/s21_grep)
==3627128== 
==3627128== 4,096 bytes in 1 blocks are still reachable in loss record 18 of 18
==3627128==    at 0x4E050C5: malloc (vg_replace_malloc.c:393)
==3627128==    by 0x5094C23: _IO_file_doallocate (filedoalloc.c:101)
==3627128==    by 0x50A3D5F: _IO_doallocbuf (genops.c:347)
==3627128==    by 0x50A2D5B: _IO_file_underflow@@GLIBC_2.2.5 (fileops.c:485)
==3627128==    by 0x50A3E15: _IO_default_uflow (genops.c:362)
==3627128==    by 0x109FF5: getstring (in /home/clarkelm/Downloads/C3_SimpleBashUtils-1-develop/src/grep/s21_grep)
==3627128==    by 0x109A8A: run_patterns (in /home/clarkelm/Downloads/C3_SimpleBashUtils-1-develop/src/grep/s21_grep)
==3627128==    by 0x10978C: main (in /home/clarkelm/Downloads/C3_SimpleBashUtils-1-develop/src/grep/s21_grep)
==3627128== 
==3627128== LEAK SUMMARY:
==3627128==    definitely lost: 0 bytes in 0 blocks
==3627128==    indirectly lost: 0 bytes in 0 blocks
==3627128==      possibly lost: 0 bytes in 0 blocks
==3627128==    still reachable: 6,094 bytes in 26 blocks
==3627128==         suppressed: 0 bytes in 0 blocks
==3627128== 
==3627128== For lists of detected and suppressed errors, rerun with: -s
==3627128== ERROR SUMMARY: 0 errors from 0 contexts (suppressed: 0 from 0)
